2023-03-07T09:46:33.415+01:00  INFO 1760 --- [main] s.d.c.CurrencyExchangeApplicationTests   : Starting CurrencyExchangeApplicationTests using Java 17.0.6 with PID 1760 (started by Lenovo in D:\PFE\API\currency_exchange)
2023-03-07T09:46:33.450+01:00 DEBUG 1760 --- [main] s.d.c.CurrencyExchangeApplicationTests   : Running with Spring Boot v3.0.3, Spring v6.0.5
2023-03-07T09:46:33.451+01:00  INFO 1760 --- [main] s.d.c.CurrencyExchangeApplicationTests   : No active profile set, falling back to 1 default profile: "default"
2023-03-07T09:46:34.718+01:00  INFO 1760 --- [main] .s.d.r.c.RepositoryConfigurationDelegate : Bootstrapping Spring Data JPA repositories in DEFAULT mode.
2023-03-07T09:46:34.844+01:00  INFO 1760 --- [main] .s.d.r.c.RepositoryConfigurationDelegate : Finished Spring Data repository scanning in 109 ms. Found 1 JPA repository interfaces.
2023-03-07T09:46:35.112+01:00  INFO 16860 --- [main] s.d.c.CurrencyExchangeApplicationTests   : Starting CurrencyExchangeApplicationTests using Java 17.0.6 with PID 16860 (started by Lenovo in D:\PFE\API\currency_exchange)
2023-03-07T09:46:35.113+01:00 DEBUG 16860 --- [main] s.d.c.CurrencyExchangeApplicationTests   : Running with Spring Boot v3.0.3, Spring v6.0.5
2023-03-07T09:46:35.115+01:00  INFO 16860 --- [main] s.d.c.CurrencyExchangeApplicationTests   : No active profile set, falling back to 1 default profile: "default"
2023-03-07T09:46:35.993+01:00  INFO 1760 --- [main] o.hibernate.jpa.internal.util.LogHelper  : HHH000204: Processing PersistenceUnitInfo [name: default]
2023-03-07T09:46:36.186+01:00  INFO 1760 --- [main] org.hibernate.Version                    : HHH000412: Hibernate ORM core version 6.1.7.Final
2023-03-07T09:46:36.629+01:00  INFO 16860 --- [main] .s.d.r.c.RepositoryConfigurationDelegate : Bootstrapping Spring Data JPA repositories in DEFAULT mode.
2023-03-07T09:46:36.756+01:00  INFO 16860 --- [main] .s.d.r.c.RepositoryConfigurationDelegate : Finished Spring Data repository scanning in 109 ms. Found 1 JPA repository interfaces.
2023-03-07T09:46:37.055+01:00  INFO 1760 --- [main] com.zaxxer.hikari.HikariDataSource       : HikariPool-1 - Starting...
2023-03-07T09:46:37.082+01:00  INFO 2376 --- [main] s.d.c.CurrencyExchangeApplication        : Starting CurrencyExchangeApplication using Java 17.0.6 with PID 2376 (D:\PFE\API\currency_exchange\target\classes started by Lenovo in D:\PFE\API\currency_exchange)
2023-03-07T09:46:37.086+01:00 DEBUG 2376 --- [main] s.d.c.CurrencyExchangeApplication        : Running with Spring Boot v3.0.3, Spring v6.0.5
2023-03-07T09:46:37.088+01:00  INFO 2376 --- [main] s.d.c.CurrencyExchangeApplication        : No active profile set, falling back to 1 default profile: "default"
2023-03-07T09:46:37.845+01:00  INFO 16860 --- [main] o.hibernate.jpa.internal.util.LogHelper  : HHH000204: Processing PersistenceUnitInfo [name: default]
2023-03-07T09:46:38.026+01:00  INFO 16860 --- [main] org.hibernate.Version                    : HHH000412: Hibernate ORM core version 6.1.7.Final
2023-03-07T09:46:38.312+01:00  INFO 1760 --- [main] com.zaxxer.hikari.pool.HikariPool        : HikariPool-1 - Added connection org.postgresql.jdbc.PgConnection@120df990
2023-03-07T09:46:38.315+01:00  INFO 1760 --- [main] com.zaxxer.hikari.HikariDataSource       : HikariPool-1 - Start completed.
2023-03-07T09:46:38.446+01:00  INFO 2376 --- [main] .s.d.r.c.RepositoryConfigurationDelegate : Bootstrapping Spring Data JPA repositories in DEFAULT mode.
2023-03-07T09:46:38.490+01:00  INFO 1760 --- [main] SQL dialect                              : HHH000400: Using dialect: org.hibernate.dialect.PostgreSQLDialect
2023-03-07T09:46:38.551+01:00  INFO 16860 --- [main] com.zaxxer.hikari.HikariDataSource       : HikariPool-1 - Starting...
2023-03-07T09:46:38.555+01:00  INFO 2376 --- [main] .s.d.r.c.RepositoryConfigurationDelegate : Finished Spring Data repository scanning in 90 ms. Found 1 JPA repository interfaces.
2023-03-07T09:46:39.125+01:00  INFO 16860 --- [main] com.zaxxer.hikari.pool.HikariPool        : HikariPool-1 - Added connection org.postgresql.jdbc.PgConnection@54247647
2023-03-07T09:46:39.129+01:00  INFO 16860 --- [main] com.zaxxer.hikari.HikariDataSource       : HikariPool-1 - Start completed.
2023-03-07T09:46:39.180+01:00  INFO 16860 --- [main] SQL dialect                              : HHH000400: Using dialect: org.hibernate.dialect.PostgreSQLDialect
2023-03-07T09:46:39.787+01:00  INFO 2376 --- [main] o.s.b.w.embedded.tomcat.TomcatWebServer  : Tomcat initialized with port(s): 8080 (http)
2023-03-07T09:46:39.806+01:00  INFO 2376 --- [main] o.apache.catalina.core.StandardService   : Starting service [Tomcat]
2023-03-07T09:46:39.807+01:00  INFO 2376 --- [main] o.apache.catalina.core.StandardEngine    : Starting Servlet engine: [Apache Tomcat/10.1.5]
2023-03-07T09:46:39.975+01:00  INFO 1760 --- [main] o.h.e.t.j.p.i.JtaPlatformInitiator       : HHH000490: Using JtaPlatform implementation: [org.hibernate.engine.transaction.jta.platform.internal.NoJtaPlatform]
2023-03-07T09:46:39.981+01:00  INFO 2376 --- [main] o.a.c.c.C.[Tomcat].[localhost].[/]       : Initializing Spring embedded WebApplicationContext
2023-03-07T09:46:39.982+01:00  INFO 2376 --- [main] w.s.c.ServletWebServerApplicationContext : Root WebApplicationContext: initialization completed in 2757 ms
2023-03-07T09:46:40.000+01:00  INFO 1760 --- [main] j.LocalContainerEntityManagerFactoryBean : Initialized JPA EntityManagerFactory for persistence unit 'default'
2023-03-07T09:46:40.314+01:00  INFO 2376 --- [main] o.hibernate.jpa.internal.util.LogHelper  : HHH000204: Processing PersistenceUnitInfo [name: default]
2023-03-07T09:46:40.399+01:00  INFO 2376 --- [main] org.hibernate.Version                    : HHH000412: Hibernate ORM core version 6.1.7.Final
2023-03-07T09:46:40.555+01:00  INFO 16860 --- [main] o.h.e.t.j.p.i.JtaPlatformInitiator       : HHH000490: Using JtaPlatform implementation: [org.hibernate.engine.transaction.jta.platform.internal.NoJtaPlatform]
2023-03-07T09:46:40.569+01:00  INFO 16860 --- [main] j.LocalContainerEntityManagerFactoryBean : Initialized JPA EntityManagerFactory for persistence unit 'default'
2023-03-07T09:46:40.836+01:00  WARN 1760 --- [main] JpaBaseConfiguration$JpaWebConfiguration : spring.jpa.open-in-view is enabled by default. Therefore, database queries may be performed during view rendering. Explicitly configure spring.jpa.open-in-view to disable this warning
2023-03-07T09:46:40.867+01:00  INFO 2376 --- [main] com.zaxxer.hikari.HikariDataSource       : HikariPool-1 - Starting...
2023-03-07T09:46:41.317+01:00  INFO 2376 --- [main] com.zaxxer.hikari.pool.HikariPool        : HikariPool-1 - Added connection org.postgresql.jdbc.PgConnection@133aacbe
2023-03-07T09:46:41.322+01:00  INFO 2376 --- [main] com.zaxxer.hikari.HikariDataSource       : HikariPool-1 - Start completed.
2023-03-07T09:46:41.335+01:00  WARN 16860 --- [main] JpaBaseConfiguration$JpaWebConfiguration : spring.jpa.open-in-view is enabled by default. Therefore, database queries may be performed during view rendering. Explicitly configure spring.jpa.open-in-view to disable this warning
2023-03-07T09:46:41.368+01:00  INFO 2376 --- [main] SQL dialect                              : HHH000400: Using dialect: org.hibernate.dialect.PostgreSQLDialect
2023-03-07T09:46:41.515+01:00  INFO 1760 --- [main] s.d.c.CurrencyExchangeApplicationTests   : Started CurrencyExchangeApplicationTests in 8.799 seconds (process running for 11.855)
2023-03-07T09:46:42.003+01:00  INFO 1760 --- [SpringApplicationShutdownHook] j.LocalContainerEntityManagerFactoryBean : Closing JPA EntityManagerFactory for persistence unit 'default'
2023-03-07T09:46:42.024+01:00  INFO 1760 --- [SpringApplicationShutdownHook] com.zaxxer.hikari.HikariDataSource       : HikariPool-1 - Shutdown initiated...
2023-03-07T09:46:42.061+01:00  INFO 1760 --- [SpringApplicationShutdownHook] com.zaxxer.hikari.HikariDataSource       : HikariPool-1 - Shutdown completed.
2023-03-07T09:46:42.126+01:00  INFO 16860 --- [main] s.d.c.CurrencyExchangeApplicationTests   : Started CurrencyExchangeApplicationTests in 7.718 seconds (process running for 9.715)
2023-03-07T09:46:42.403+01:00  INFO 16860 --- [SpringApplicationShutdownHook] j.LocalContainerEntityManagerFactoryBean : Closing JPA EntityManagerFactory for persistence unit 'default'
2023-03-07T09:46:42.407+01:00  INFO 16860 --- [SpringApplicationShutdownHook] com.zaxxer.hikari.HikariDataSource       : HikariPool-1 - Shutdown initiated...
2023-03-07T09:46:42.436+01:00  INFO 16860 --- [SpringApplicationShutdownHook] com.zaxxer.hikari.HikariDataSource       : HikariPool-1 - Shutdown completed.
2023-03-07T09:46:42.605+01:00  INFO 2376 --- [main] o.h.e.t.j.p.i.JtaPlatformInitiator       : HHH000490: Using JtaPlatform implementation: [org.hibernate.engine.transaction.jta.platform.internal.NoJtaPlatform]
2023-03-07T09:46:42.618+01:00  INFO 2376 --- [main] j.LocalContainerEntityManagerFactoryBean : Initialized JPA EntityManagerFactory for persistence unit 'default'
2023-03-07T09:46:43.105+01:00  WARN 2376 --- [main] JpaBaseConfiguration$JpaWebConfiguration : spring.jpa.open-in-view is enabled by default. Therefore, database queries may be performed during view rendering. Explicitly configure spring.jpa.open-in-view to disable this warning
2023-03-07T09:46:43.727+01:00  INFO 2376 --- [main] o.s.b.w.embedded.tomcat.TomcatWebServer  : Tomcat started on port(s): 8080 (http) with context path ''
2023-03-07T09:46:43.738+01:00  INFO 2376 --- [main] s.d.c.CurrencyExchangeApplication        : Started CurrencyExchangeApplication in 7.705 seconds (process running for 8.744)
2023-03-07T09:49:13.232+01:00  INFO 2376 --- [http-nio-8080-exec-1] o.a.c.c.C.[Tomcat].[localhost].[/]       : Initializing Spring DispatcherServlet 'dispatcherServlet'
2023-03-07T09:49:13.233+01:00  INFO 2376 --- [http-nio-8080-exec-1] o.s.web.servlet.DispatcherServlet        : Initializing Servlet 'dispatcherServlet'
2023-03-07T09:49:13.237+01:00  INFO 2376 --- [http-nio-8080-exec-1] o.s.web.servlet.DispatcherServlet        : Completed initialization in 3 ms
2023-03-07T09:49:13.303+01:00 TRACE 2376 --- [http-nio-8080-exec-1] s.d.c.controller.ExchangeController      : Method getCurrencies invoked with HTTP OK status
2023-03-07T10:11:55.439+01:00 TRACE 2376 --- [http-nio-8080-exec-1] s.d.c.controller.ExchangeController      : Method getCurrencies invoked with HTTP OK status
2023-03-07T10:12:02.967+01:00  WARN 2376 --- [HikariPool-1 housekeeper] com.zaxxer.hikari.pool.HikariPool        : HikariPool-1 - Thread starvation or clock leap detected (housekeeper delta=3m21s548ms293µs500ns).
2023-03-07T10:12:06.957+01:00 TRACE 2376 --- [http-nio-8080-exec-3] s.d.c.controller.ExchangeController      : Method getCurrencies invoked with HTTP OK status
2023-03-07T10:13:31.916+01:00  INFO 2376 --- [http-nio-8080-exec-9] o.apache.coyote.http11.Http11Processor   : Error parsing HTTP request header
 Note: further occurrences of HTTP request parsing errors will be logged at DEBUG level.

java.lang.IllegalArgumentException: Invalid character found in method name [:x1A0xd6e0xc10x01n/L0x94}0xd5TW0x9a0xa80x830xab0xba0x8c0xc10xab0x000x000x000x000xb60xd50xb20xa20xbb0x880x830xab0xba0x8c0xc20xa30xf2o0x1eI0xd90xbaL0xdb0x100x8c0xc10xab0xba0x8c0xea0x800xba0x8c0xc10xab0x920x8c0xc10xab0xba0x8c0xc10xab0xba0x8c0xc10xab0xba0x8c0xc10xab0xbb0x8d0xc10xab0xba0x8c0xd70xab0xba0x8c0xc10xab0xba0x8c0xc10xab0xba0x8c0xc10xab0xba0x8c0xc10xab0xba0x8c0xc50xab0xba0x8c0xc10xab0xba0x8c0xc10xab0x040x00...]. HTTP method names must be tokens
	at org.apache.coyote.http11.Http11InputBuffer.parseRequestLine(Http11InputBuffer.java:419) ~[tomcat-embed-core-10.1.5.jar:10.1.5]
	at org.apache.coyote.http11.Http11Processor.service(Http11Processor.java:272) ~[tomcat-embed-core-10.1.5.jar:10.1.5]
	at org.apache.coyote.AbstractProcessorLight.process(AbstractProcessorLight.java:65) ~[tomcat-embed-core-10.1.5.jar:10.1.5]
	at org.apache.coyote.AbstractProtocol$ConnectionHandler.process(AbstractProtocol.java:859) ~[tomcat-embed-core-10.1.5.jar:10.1.5]
	at org.apache.tomcat.util.net.NioEndpoint$SocketProcessor.doRun(NioEndpoint.java:1734) ~[tomcat-embed-core-10.1.5.jar:10.1.5]
	at org.apache.tomcat.util.net.SocketProcessorBase.run(SocketProcessorBase.java:52) ~[tomcat-embed-core-10.1.5.jar:10.1.5]
	at org.apache.tomcat.util.threads.ThreadPoolExecutor.runWorker(ThreadPoolExecutor.java:1191) ~[tomcat-embed-core-10.1.5.jar:10.1.5]
	at org.apache.tomcat.util.threads.ThreadPoolExecutor$Worker.run(ThreadPoolExecutor.java:659) ~[tomcat-embed-core-10.1.5.jar:10.1.5]
	at org.apache.tomcat.util.threads.TaskThread$WrappingRunnable.run(TaskThread.java:61) ~[tomcat-embed-core-10.1.5.jar:10.1.5]
	at java.base/java.lang.Thread.run(Thread.java:833) ~[na:na]

2023-03-07T10:50:01.144+01:00  WARN 2376 --- [HikariPool-1 housekeeper] com.zaxxer.hikari.pool.HikariPool        : HikariPool-1 - Thread starvation or clock leap detected (housekeeper delta=18m28s198ms984µs900ns).
2023-03-07T10:51:46.996+01:00 TRACE 2376 --- [http-nio-8080-exec-4] s.d.c.controller.ExchangeController      : Method getCurrencies invoked with HTTP OK status
2023-03-07T10:53:04.835+01:00 TRACE 2376 --- [http-nio-8080-exec-9] s.d.c.controller.ExchangeController      : Method getCurrencies invoked with HTTP OK status
2023-03-07T11:04:14.646+01:00  INFO 22780 --- [main] s.d.c.CurrencyExchangeApplicationTests   : Starting CurrencyExchangeApplicationTests using Java 17.0.6 with PID 22780 (started by Lenovo in D:\PFE\API\currency_exchange)
2023-03-07T11:04:14.648+01:00 DEBUG 22780 --- [main] s.d.c.CurrencyExchangeApplicationTests   : Running with Spring Boot v3.0.3, Spring v6.0.5
2023-03-07T11:04:14.650+01:00  INFO 22780 --- [main] s.d.c.CurrencyExchangeApplicationTests   : No active profile set, falling back to 1 default profile: "default"
2023-03-07T11:04:16.109+01:00  INFO 22780 --- [main] .s.d.r.c.RepositoryConfigurationDelegate : Bootstrapping Spring Data JPA repositories in DEFAULT mode.
2023-03-07T11:04:16.243+01:00  INFO 22780 --- [main] .s.d.r.c.RepositoryConfigurationDelegate : Finished Spring Data repository scanning in 112 ms. Found 1 JPA repository interfaces.
2023-03-07T11:04:16.861+01:00  INFO 22780 --- [main] o.hibernate.jpa.internal.util.LogHelper  : HHH000204: Processing PersistenceUnitInfo [name: default]
2023-03-07T11:04:16.958+01:00  INFO 22780 --- [main] org.hibernate.Version                    : HHH000412: Hibernate ORM core version 6.1.7.Final
2023-03-07T11:04:17.550+01:00  INFO 22780 --- [main] com.zaxxer.hikari.HikariDataSource       : HikariPool-1 - Starting...
2023-03-07T11:04:18.246+01:00  INFO 22780 --- [main] com.zaxxer.hikari.pool.HikariPool        : HikariPool-1 - Added connection org.postgresql.jdbc.PgConnection@2674d4f6
2023-03-07T11:04:18.249+01:00  INFO 22780 --- [main] com.zaxxer.hikari.HikariDataSource       : HikariPool-1 - Start completed.
2023-03-07T11:04:18.316+01:00  INFO 22780 --- [main] SQL dialect                              : HHH000400: Using dialect: org.hibernate.dialect.PostgreSQLDialect
2023-03-07T11:04:19.602+01:00  INFO 22780 --- [main] o.h.e.t.j.p.i.JtaPlatformInitiator       : HHH000490: Using JtaPlatform implementation: [org.hibernate.engine.transaction.jta.platform.internal.NoJtaPlatform]
2023-03-07T11:04:19.625+01:00  INFO 22780 --- [main] j.LocalContainerEntityManagerFactoryBean : Initialized JPA EntityManagerFactory for persistence unit 'default'
2023-03-07T11:04:20.607+01:00  WARN 22780 --- [main] JpaBaseConfiguration$JpaWebConfiguration : spring.jpa.open-in-view is enabled by default. Therefore, database queries may be performed during view rendering. Explicitly configure spring.jpa.open-in-view to disable this warning
2023-03-07T11:04:21.396+01:00  INFO 22780 --- [main] s.d.c.CurrencyExchangeApplicationTests   : Started CurrencyExchangeApplicationTests in 7.546 seconds (process running for 9.64)
2023-03-07T11:04:21.816+01:00  INFO 22780 --- [SpringApplicationShutdownHook] j.LocalContainerEntityManagerFactoryBean : Closing JPA EntityManagerFactory for persistence unit 'default'
2023-03-07T11:04:21.821+01:00  INFO 22780 --- [SpringApplicationShutdownHook] com.zaxxer.hikari.HikariDataSource       : HikariPool-1 - Shutdown initiated...
2023-03-07T11:04:21.883+01:00  INFO 22780 --- [SpringApplicationShutdownHook] com.zaxxer.hikari.HikariDataSource       : HikariPool-1 - Shutdown completed.
2023-03-07T11:07:27.323+01:00 TRACE 2376 --- [http-nio-8080-exec-2] s.d.c.controller.ExchangeController      : Method getCurrencies invoked with HTTP OK status
2023-03-07T11:07:28.893+01:00 TRACE 2376 --- [http-nio-8080-exec-3] s.d.c.controller.ExchangeController      : Method getCurrencies invoked with HTTP OK status
2023-03-07T11:07:30.249+01:00 TRACE 2376 --- [http-nio-8080-exec-4] s.d.c.controller.ExchangeController      : Method getCurrencies invoked with HTTP OK status
2023-03-07T11:07:30.490+01:00 TRACE 2376 --- [http-nio-8080-exec-5] s.d.c.controller.ExchangeController      : Method getCurrencies invoked with HTTP OK status
2023-03-07T11:07:36.361+01:00 TRACE 2376 --- [http-nio-8080-exec-6] s.d.c.controller.ExchangeController      : Method getCurrencies invoked with HTTP OK status
2023-03-07T11:07:36.593+01:00 TRACE 2376 --- [http-nio-8080-exec-8] s.d.c.controller.ExchangeController      : Method getCurrencies invoked with HTTP OK status
2023-03-07T11:24:49.244+01:00 TRACE 2376 --- [http-nio-8080-exec-1] s.d.c.controller.ExchangeController      : Method getCurrencies invoked with HTTP OK status
2023-03-07T11:24:50.008+01:00 TRACE 2376 --- [http-nio-8080-exec-10] s.d.c.controller.ExchangeController      : Method getCurrencies invoked with HTTP OK status
2023-03-07T11:30:48.824+01:00 TRACE 2376 --- [http-nio-8080-exec-4] s.d.c.controller.ExchangeController      : Method getCurrencies invoked with HTTP OK status
2023-03-07T11:30:58.923+01:00 TRACE 2376 --- [http-nio-8080-exec-5] s.d.c.controller.ExchangeController      : Method getCurrencies invoked with HTTP OK status
2023-03-07T11:51:07.101+01:00 TRACE 2376 --- [http-nio-8080-exec-6] s.d.c.controller.ExchangeController      : Method getCurrencies invoked with HTTP OK status
2023-03-07T11:51:37.242+01:00  WARN 2376 --- [http-nio-8080-exec-6] o.h.engine.jdbc.spi.SqlExceptionHelper   : SQL Error: 0, SQLState: 08001
2023-03-07T11:51:37.244+01:00 ERROR 2376 --- [http-nio-8080-exec-6] o.h.engine.jdbc.spi.SqlExceptionHelper   : HikariPool-1 - Connection is not available, request timed out after 30004ms.
2023-03-07T11:51:37.244+01:00 ERROR 2376 --- [http-nio-8080-exec-6] o.h.engine.jdbc.spi.SqlExceptionHelper   : La tentative de connexion a échoué.
2023-03-07T11:51:37.363+01:00 ERROR 2376 --- [http-nio-8080-exec-6] o.a.c.c.C.[.[.[/].[dispatcherServlet]    : Servlet.service() for servlet [dispatcherServlet] in context with path [] threw exception [Request processing failed: org.springframework.transaction.CannotCreateTransactionException: Could not open JPA EntityManager for transaction] with root cause

java.net.SocketTimeoutException: Connect timed out
	at java.base/sun.nio.ch.NioSocketImpl.timedFinishConnect(NioSocketImpl.java:546) ~[na:na]
	at java.base/sun.nio.ch.NioSocketImpl.connect(NioSocketImpl.java:597) ~[na:na]
	at java.base/java.net.SocksSocketImpl.connect(SocksSocketImpl.java:327) ~[na:na]
	at java.base/java.net.Socket.connect(Socket.java:633) ~[na:na]
	at org.postgresql.core.PGStream.createSocket(PGStream.java:243) ~[postgresql-42.5.4.jar:42.5.4]
	at org.postgresql.core.PGStream.<init>(PGStream.java:98) ~[postgresql-42.5.4.jar:42.5.4]
	at org.postgresql.core.v3.ConnectionFactoryImpl.tryConnect(ConnectionFactoryImpl.java:132) ~[postgresql-42.5.4.jar:42.5.4]
	at org.postgresql.core.v3.ConnectionFactoryImpl.openConnectionImpl(ConnectionFactoryImpl.java:258) ~[postgresql-42.5.4.jar:42.5.4]
	at org.postgresql.core.ConnectionFactory.openConnection(ConnectionFactory.java:54) ~[postgresql-42.5.4.jar:42.5.4]
	at org.postgresql.jdbc.PgConnection.<init>(PgConnection.java:253) ~[postgresql-42.5.4.jar:42.5.4]
	at org.postgresql.Driver.makeConnection(Driver.java:434) ~[postgresql-42.5.4.jar:42.5.4]
	at org.postgresql.Driver.connect(Driver.java:291) ~[postgresql-42.5.4.jar:42.5.4]
	at com.zaxxer.hikari.util.DriverDataSource.getConnection(DriverDataSource.java:138) ~[HikariCP-5.0.1.jar:na]
	at com.zaxxer.hikari.pool.PoolBase.newConnection(PoolBase.java:359) ~[HikariCP-5.0.1.jar:na]
	at com.zaxxer.hikari.pool.PoolBase.newPoolEntry(PoolBase.java:201) ~[HikariCP-5.0.1.jar:na]
	at com.zaxxer.hikari.pool.HikariPool.createPoolEntry(HikariPool.java:470) ~[HikariCP-5.0.1.jar:na]
	at com.zaxxer.hikari.pool.HikariPool$PoolEntryCreator.call(HikariPool.java:733) ~[HikariCP-5.0.1.jar:na]
	at com.zaxxer.hikari.pool.HikariPool$PoolEntryCreator.call(HikariPool.java:712) ~[HikariCP-5.0.1.jar:na]
	at java.base/java.util.concurrent.FutureTask.run(FutureTask.java:264) ~[na:na]
	at java.base/java.util.concurrent.ThreadPoolExecutor.runWorker(ThreadPoolExecutor.java:1136) ~[na:na]
	at java.base/java.util.concurrent.ThreadPoolExecutor$Worker.run(ThreadPoolExecutor.java:635) ~[na:na]
	at java.base/java.lang.Thread.run(Thread.java:833) ~[na:na]

2023-03-07T11:54:39.378+01:00 TRACE 2376 --- [http-nio-8080-exec-2] s.d.c.controller.ExchangeController      : Method getCurrencies invoked with HTTP OK status
2023-03-07T11:54:41.204+01:00 TRACE 2376 --- [http-nio-8080-exec-4] s.d.c.controller.ExchangeController      : Method getCurrencies invoked with HTTP OK status
2023-03-07T11:57:58.856+01:00 TRACE 2376 --- [http-nio-8080-exec-10] s.d.c.controller.ExchangeController      : Method getCurrencies invoked with HTTP OK status
2023-03-07T11:58:08.604+01:00 TRACE 2376 --- [http-nio-8080-exec-2] s.d.c.controller.ExchangeController      : Method getCurrencies invoked with HTTP OK status
2023-03-07T11:58:16.713+01:00 TRACE 2376 --- [http-nio-8080-exec-3] s.d.c.controller.ExchangeController      : Method getCurrencies invoked with HTTP OK status
2023-03-07T11:59:12.388+01:00 TRACE 2376 --- [http-nio-8080-exec-5] s.d.c.controller.ExchangeController      : Method getCurrencies invoked with HTTP OK status
2023-03-07T11:59:56.308+01:00 TRACE 2376 --- [http-nio-8080-exec-6] s.d.c.controller.ExchangeController      : Method getCurrencies invoked with HTTP OK status
2023-03-07T12:00:01.656+01:00 TRACE 2376 --- [http-nio-8080-exec-9] s.d.c.controller.ExchangeController      : Method getCurrencies invoked with HTTP OK status
2023-03-07T12:00:53.828+01:00 TRACE 2376 --- [http-nio-8080-exec-1] s.d.c.controller.ExchangeController      : Method getCurrencies invoked with HTTP OK status
2023-03-07T12:03:10.414+01:00 TRACE 2376 --- [http-nio-8080-exec-2] s.d.c.controller.ExchangeController      : Method getCurrencies invoked with HTTP OK status
2023-03-07T12:04:08.734+01:00 TRACE 2376 --- [http-nio-8080-exec-3] s.d.c.controller.ExchangeController      : Method getCurrencies invoked with HTTP OK status
2023-03-07T12:05:37.589+01:00 TRACE 2376 --- [http-nio-8080-exec-5] s.d.c.controller.ExchangeController      : Method getCurrencies invoked with HTTP OK status
2023-03-07T12:08:48.249+01:00 TRACE 2376 --- [http-nio-8080-exec-8] s.d.c.controller.ExchangeController      : Method getCurrencies invoked with HTTP OK status
2023-03-07T12:12:36.456+01:00 TRACE 2376 --- [http-nio-8080-exec-9] s.d.c.controller.ExchangeController      : Method getCurrencies invoked with HTTP OK status
2023-03-07T12:12:53.293+01:00 TRACE 2376 --- [http-nio-8080-exec-1] s.d.c.controller.ExchangeController      : Method getCurrencies invoked with HTTP OK status
2023-03-07T12:13:34.409+01:00 TRACE 2376 --- [http-nio-8080-exec-10] s.d.c.controller.ExchangeController      : Method getCurrencies invoked with HTTP OK status
2023-03-07T12:17:14.706+01:00 TRACE 2376 --- [http-nio-8080-exec-10] s.d.c.controller.ExchangeController      : Method getCurrencies invoked with HTTP OK status
2023-03-07T12:17:27.649+01:00 TRACE 2376 --- [http-nio-8080-exec-4] s.d.c.controller.ExchangeController      : Method getCurrencies invoked with HTTP OK status
2023-03-07T12:33:27.518+01:00 TRACE 2376 --- [http-nio-8080-exec-5] s.d.c.controller.ExchangeController      : Method getCurrencies invoked with HTTP OK status
2023-03-07T12:42:06.154+01:00  INFO 2376 --- [SpringApplicationShutdownHook] j.LocalContainerEntityManagerFactoryBean : Closing JPA EntityManagerFactory for persistence unit 'default'
2023-03-07T12:42:06.210+01:00  INFO 2376 --- [SpringApplicationShutdownHook] com.zaxxer.hikari.HikariDataSource       : HikariPool-1 - Shutdown initiated...
2023-03-07T12:42:06.280+01:00  INFO 2376 --- [SpringApplicationShutdownHook] com.zaxxer.hikari.HikariDataSource       : HikariPool-1 - Shutdown completed.
2023-03-07T12:42:25.855+01:00  INFO 24544 --- [main] s.d.c.CurrencyExchangeApplication        : Starting CurrencyExchangeApplication using Java 17.0.6 with PID 24544 (D:\PFE\API\currency_exchange\target\classes started by Lenovo in D:\PFE\API\currency_exchange)
2023-03-07T12:42:25.860+01:00 DEBUG 24544 --- [main] s.d.c.CurrencyExchangeApplication        : Running with Spring Boot v3.0.3, Spring v6.0.5
2023-03-07T12:42:25.863+01:00  INFO 24544 --- [main] s.d.c.CurrencyExchangeApplication        : No active profile set, falling back to 1 default profile: "default"
2023-03-07T12:42:27.858+01:00  INFO 24544 --- [main] .s.d.r.c.RepositoryConfigurationDelegate : Bootstrapping Spring Data JPA repositories in DEFAULT mode.
2023-03-07T12:42:28.015+01:00  INFO 24544 --- [main] .s.d.r.c.RepositoryConfigurationDelegate : Finished Spring Data repository scanning in 136 ms. Found 1 JPA repository interfaces.
2023-03-07T12:42:29.315+01:00  INFO 24544 --- [main] o.s.b.w.embedded.tomcat.TomcatWebServer  : Tomcat initialized with port(s): 8080 (http)
2023-03-07T12:42:29.335+01:00  INFO 24544 --- [main] o.apache.catalina.core.StandardService   : Starting service [Tomcat]
2023-03-07T12:42:29.336+01:00  INFO 24544 --- [main] o.apache.catalina.core.StandardEngine    : Starting Servlet engine: [Apache Tomcat/10.1.5]
2023-03-07T12:42:29.492+01:00  INFO 24544 --- [main] o.a.c.c.C.[Tomcat].[localhost].[/]       : Initializing Spring embedded WebApplicationContext
2023-03-07T12:42:29.493+01:00  INFO 24544 --- [main] w.s.c.ServletWebServerApplicationContext : Root WebApplicationContext: initialization completed in 3478 ms
2023-03-07T12:42:29.811+01:00  INFO 24544 --- [main] o.hibernate.jpa.internal.util.LogHelper  : HHH000204: Processing PersistenceUnitInfo [name: default]
2023-03-07T12:42:29.946+01:00  INFO 24544 --- [main] org.hibernate.Version                    : HHH000412: Hibernate ORM core version 6.1.7.Final
2023-03-07T12:42:30.437+01:00  INFO 24544 --- [main] com.zaxxer.hikari.HikariDataSource       : HikariPool-1 - Starting...
2023-03-07T12:42:30.948+01:00  INFO 24544 --- [main] com.zaxxer.hikari.pool.HikariPool        : HikariPool-1 - Added connection org.postgresql.jdbc.PgConnection@5f193335
2023-03-07T12:42:30.952+01:00  INFO 24544 --- [main] com.zaxxer.hikari.HikariDataSource       : HikariPool-1 - Start completed.
2023-03-07T12:42:31.000+01:00  INFO 24544 --- [main] SQL dialect                              : HHH000400: Using dialect: org.hibernate.dialect.PostgreSQLDialect
2023-03-07T12:42:32.178+01:00  INFO 24544 --- [main] o.h.e.t.j.p.i.JtaPlatformInitiator       : HHH000490: Using JtaPlatform implementation: [org.hibernate.engine.transaction.jta.platform.internal.NoJtaPlatform]
2023-03-07T12:42:32.192+01:00  INFO 24544 --- [main] j.LocalContainerEntityManagerFactoryBean : Initialized JPA EntityManagerFactory for persistence unit 'default'
2023-03-07T12:42:32.665+01:00  WARN 24544 --- [main] JpaBaseConfiguration$JpaWebConfiguration : spring.jpa.open-in-view is enabled by default. Therefore, database queries may be performed during view rendering. Explicitly configure spring.jpa.open-in-view to disable this warning
2023-03-07T12:42:33.123+01:00  INFO 24544 --- [main] o.s.b.w.embedded.tomcat.TomcatWebServer  : Tomcat started on port(s): 8080 (http) with context path ''
2023-03-07T12:42:33.138+01:00  INFO 24544 --- [main] s.d.c.CurrencyExchangeApplication        : Started CurrencyExchangeApplication in 8.74 seconds (process running for 9.982)
2023-03-07T12:42:33.171+01:00  INFO 24544 --- [SpringApplicationShutdownHook] j.LocalContainerEntityManagerFactoryBean : Closing JPA EntityManagerFactory for persistence unit 'default'
2023-03-07T12:42:33.174+01:00  INFO 24544 --- [SpringApplicationShutdownHook] com.zaxxer.hikari.HikariDataSource       : HikariPool-1 - Shutdown initiated...
2023-03-07T12:42:33.207+01:00  INFO 24544 --- [SpringApplicationShutdownHook] com.zaxxer.hikari.HikariDataSource       : HikariPool-1 - Shutdown completed.
2023-03-07T12:42:58.722+01:00  INFO 24264 --- [main] s.d.c.CurrencyExchangeApplication        : Starting CurrencyExchangeApplication using Java 17.0.6 with PID 24264 (D:\PFE\API\currency_exchange\target\classes started by Lenovo in D:\PFE\API\currency_exchange)
2023-03-07T12:42:58.728+01:00 DEBUG 24264 --- [main] s.d.c.CurrencyExchangeApplication        : Running with Spring Boot v3.0.3, Spring v6.0.5
2023-03-07T12:42:58.731+01:00  INFO 24264 --- [main] s.d.c.CurrencyExchangeApplication        : No active profile set, falling back to 1 default profile: "default"
2023-03-07T12:43:00.454+01:00  INFO 24264 --- [main] .s.d.r.c.RepositoryConfigurationDelegate : Bootstrapping Spring Data JPA repositories in DEFAULT mode.
2023-03-07T12:43:00.635+01:00  INFO 24264 --- [main] .s.d.r.c.RepositoryConfigurationDelegate : Finished Spring Data repository scanning in 152 ms. Found 1 JPA repository interfaces.
2023-03-07T12:43:02.114+01:00  INFO 24264 --- [main] o.s.b.w.embedded.tomcat.TomcatWebServer  : Tomcat initialized with port(s): 8080 (http)
2023-03-07T12:43:02.133+01:00  INFO 24264 --- [main] o.apache.catalina.core.StandardService   : Starting service [Tomcat]
2023-03-07T12:43:02.133+01:00  INFO 24264 --- [main] o.apache.catalina.core.StandardEngine    : Starting Servlet engine: [Apache Tomcat/10.1.5]
2023-03-07T12:43:02.326+01:00  INFO 24264 --- [main] o.a.c.c.C.[Tomcat].[localhost].[/]       : Initializing Spring embedded WebApplicationContext
2023-03-07T12:43:02.327+01:00  INFO 24264 --- [main] w.s.c.ServletWebServerApplicationContext : Root WebApplicationContext: initialization completed in 3459 ms
2023-03-07T12:43:02.655+01:00  INFO 24264 --- [main] o.hibernate.jpa.internal.util.LogHelper  : HHH000204: Processing PersistenceUnitInfo [name: default]
2023-03-07T12:43:02.755+01:00  INFO 24264 --- [main] org.hibernate.Version                    : HHH000412: Hibernate ORM core version 6.1.7.Final
2023-03-07T12:43:03.321+01:00  INFO 24264 --- [main] com.zaxxer.hikari.HikariDataSource       : HikariPool-1 - Starting...
2023-03-07T12:43:04.146+01:00  INFO 24264 --- [main] com.zaxxer.hikari.pool.HikariPool        : HikariPool-1 - Added connection org.postgresql.jdbc.PgConnection@68aec50
2023-03-07T12:43:04.150+01:00  INFO 24264 --- [main] com.zaxxer.hikari.HikariDataSource       : HikariPool-1 - Start completed.
2023-03-07T12:43:04.235+01:00  INFO 24264 --- [main] SQL dialect                              : HHH000400: Using dialect: org.hibernate.dialect.PostgreSQLDialect
2023-03-07T12:43:06.416+01:00  INFO 24264 --- [main] o.h.e.t.j.p.i.JtaPlatformInitiator       : HHH000490: Using JtaPlatform implementation: [org.hibernate.engine.transaction.jta.platform.internal.NoJtaPlatform]
2023-03-07T12:43:06.443+01:00  INFO 24264 --- [main] j.LocalContainerEntityManagerFactoryBean : Initialized JPA EntityManagerFactory for persistence unit 'default'
2023-03-07T12:43:07.327+01:00  WARN 24264 --- [main] JpaBaseConfiguration$JpaWebConfiguration : spring.jpa.open-in-view is enabled by default. Therefore, database queries may be performed during view rendering. Explicitly configure spring.jpa.open-in-view to disable this warning
2023-03-07T12:43:08.147+01:00  INFO 24264 --- [main] o.s.b.w.embedded.tomcat.TomcatWebServer  : Tomcat started on port(s): 8080 (http) with context path ''
2023-03-07T12:43:08.171+01:00  INFO 24264 --- [main] s.d.c.CurrencyExchangeApplication        : Started CurrencyExchangeApplication in 10.779 seconds (process running for 11.796)
2023-03-07T12:43:57.070+01:00  INFO 24264 --- [http-nio-8080-exec-1] o.a.c.c.C.[Tomcat].[localhost].[/]       : Initializing Spring DispatcherServlet 'dispatcherServlet'
2023-03-07T12:43:57.070+01:00  INFO 24264 --- [http-nio-8080-exec-1] o.s.web.servlet.DispatcherServlet        : Initializing Servlet 'dispatcherServlet'
2023-03-07T12:43:57.073+01:00  INFO 24264 --- [http-nio-8080-exec-1] o.s.web.servlet.DispatcherServlet        : Completed initialization in 2 ms
2023-03-07T12:44:18.437+01:00 TRACE 24264 --- [http-nio-8080-exec-3] s.d.c.controller.ExchangeController      : Method getCurrencies invoked with HTTP OK status
2023-03-07T12:47:02.036+01:00 TRACE 24264 --- [http-nio-8080-exec-10] s.d.c.controller.ExchangeController      : Method getCurrencies invoked with HTTP OK status
2023-03-07T12:47:26.554+01:00  INFO 24264 --- [SpringApplicationShutdownHook] j.LocalContainerEntityManagerFactoryBean : Closing JPA EntityManagerFactory for persistence unit 'default'
2023-03-07T12:47:26.560+01:00  INFO 24264 --- [SpringApplicationShutdownHook] com.zaxxer.hikari.HikariDataSource       : HikariPool-1 - Shutdown initiated...
2023-03-07T12:47:26.660+01:00  INFO 24264 --- [SpringApplicationShutdownHook] com.zaxxer.hikari.HikariDataSource       : HikariPool-1 - Shutdown completed.
2023-03-07T12:47:58.593+01:00  INFO 23824 --- [main] s.d.c.CurrencyExchangeApplication        : Starting CurrencyExchangeApplication using Java 17.0.6 with PID 23824 (D:\PFE\API\currency_exchange\target\classes started by Lenovo in D:\PFE\API\currency_exchange)
2023-03-07T12:47:58.596+01:00 DEBUG 23824 --- [main] s.d.c.CurrencyExchangeApplication        : Running with Spring Boot v3.0.3, Spring v6.0.5
2023-03-07T12:47:58.597+01:00  INFO 23824 --- [main] s.d.c.CurrencyExchangeApplication        : No active profile set, falling back to 1 default profile: "default"
2023-03-07T12:47:59.465+01:00  INFO 23824 --- [main] .s.d.r.c.RepositoryConfigurationDelegate : Bootstrapping Spring Data JPA repositories in DEFAULT mode.
2023-03-07T12:47:59.560+01:00  INFO 23824 --- [main] .s.d.r.c.RepositoryConfigurationDelegate : Finished Spring Data repository scanning in 80 ms. Found 1 JPA repository interfaces.
2023-03-07T12:48:00.548+01:00  INFO 23824 --- [main] o.s.b.w.embedded.tomcat.TomcatWebServer  : Tomcat initialized with port(s): 8080 (http)
2023-03-07T12:48:00.563+01:00  INFO 23824 --- [main] o.apache.catalina.core.StandardService   : Starting service [Tomcat]
2023-03-07T12:48:00.563+01:00  INFO 23824 --- [main] o.apache.catalina.core.StandardEngine    : Starting Servlet engine: [Apache Tomcat/10.1.5]
2023-03-07T12:48:00.719+01:00  INFO 23824 --- [main] o.a.c.c.C.[Tomcat].[localhost].[/]       : Initializing Spring embedded WebApplicationContext
2023-03-07T12:48:00.720+01:00  INFO 23824 --- [main] w.s.c.ServletWebServerApplicationContext : Root WebApplicationContext: initialization completed in 2053 ms
2023-03-07T12:48:00.970+01:00  INFO 23824 --- [main] o.hibernate.jpa.internal.util.LogHelper  : HHH000204: Processing PersistenceUnitInfo [name: default]
2023-03-07T12:48:01.045+01:00  INFO 23824 --- [main] org.hibernate.Version                    : HHH000412: Hibernate ORM core version 6.1.7.Final
2023-03-07T12:48:01.427+01:00  INFO 23824 --- [main] com.zaxxer.hikari.HikariDataSource       : HikariPool-1 - Starting...
2023-03-07T12:48:01.797+01:00  INFO 23824 --- [main] com.zaxxer.hikari.pool.HikariPool        : HikariPool-1 - Added connection org.postgresql.jdbc.PgConnection@2ec85a25
2023-03-07T12:48:01.800+01:00  INFO 23824 --- [main] com.zaxxer.hikari.HikariDataSource       : HikariPool-1 - Start completed.
2023-03-07T12:48:01.845+01:00  INFO 23824 --- [main] SQL dialect                              : HHH000400: Using dialect: org.hibernate.dialect.PostgreSQLDialect
2023-03-07T12:48:03.043+01:00  INFO 23824 --- [main] o.h.e.t.j.p.i.JtaPlatformInitiator       : HHH000490: Using JtaPlatform implementation: [org.hibernate.engine.transaction.jta.platform.internal.NoJtaPlatform]
2023-03-07T12:48:03.054+01:00  INFO 23824 --- [main] j.LocalContainerEntityManagerFactoryBean : Initialized JPA EntityManagerFactory for persistence unit 'default'
2023-03-07T12:48:03.481+01:00  WARN 23824 --- [main] JpaBaseConfiguration$JpaWebConfiguration : spring.jpa.open-in-view is enabled by default. Therefore, database queries may be performed during view rendering. Explicitly configure spring.jpa.open-in-view to disable this warning
2023-03-07T12:48:03.997+01:00  INFO 23824 --- [main] o.s.b.w.embedded.tomcat.TomcatWebServer  : Tomcat started on port(s): 8080 (http) with context path ''
2023-03-07T12:48:04.015+01:00  INFO 23824 --- [main] s.d.c.CurrencyExchangeApplication        : Started CurrencyExchangeApplication in 6.375 seconds (process running for 7.538)
2023-03-07T12:48:06.106+01:00  INFO 23824 --- [http-nio-8080-exec-1] o.a.c.c.C.[Tomcat].[localhost].[/]       : Initializing Spring DispatcherServlet 'dispatcherServlet'
2023-03-07T12:48:06.107+01:00  INFO 23824 --- [http-nio-8080-exec-1] o.s.web.servlet.DispatcherServlet        : Initializing Servlet 'dispatcherServlet'
2023-03-07T12:48:06.109+01:00  INFO 23824 --- [http-nio-8080-exec-1] o.s.web.servlet.DispatcherServlet        : Completed initialization in 2 ms
2023-03-07T12:48:06.209+01:00 TRACE 23824 --- [http-nio-8080-exec-1] s.d.c.controller.ExchangeController      : Method getCurrencies invoked with HTTP OK status
2023-03-07T12:48:31.088+01:00 TRACE 23824 --- [http-nio-8080-exec-3] s.d.c.controller.ExchangeController      : Method getCurrencies invoked with HTTP OK status
2023-03-07T12:49:13.691+01:00 TRACE 23824 --- [http-nio-8080-exec-6] s.d.c.controller.ExchangeController      : Method getCurrencies invoked with HTTP OK status
2023-03-07T12:49:20.076+01:00 TRACE 23824 --- [http-nio-8080-exec-7] s.d.c.controller.ExchangeController      : Method getCurrencies invoked with HTTP OK status
2023-03-07T12:49:23.070+01:00 TRACE 23824 --- [http-nio-8080-exec-10] s.d.c.controller.ExchangeController      : Method getCurrencies invoked with HTTP OK status
2023-03-07T12:49:56.698+01:00  INFO 23824 --- [SpringApplicationShutdownHook] j.LocalContainerEntityManagerFactoryBean : Closing JPA EntityManagerFactory for persistence unit 'default'
2023-03-07T12:49:56.702+01:00  INFO 23824 --- [SpringApplicationShutdownHook] com.zaxxer.hikari.HikariDataSource       : HikariPool-1 - Shutdown initiated...
2023-03-07T12:49:56.766+01:00  INFO 23824 --- [SpringApplicationShutdownHook] com.zaxxer.hikari.HikariDataSource       : HikariPool-1 - Shutdown completed.
